  SceneManager.cpp
U:\CS330Content\Projects\7-1_FinalProjectMilestones\Source\SceneManager.cpp(223,16): warning C4018: '<': signed/unsigned mismatch
U:\CS330Content\Projects\7-1_FinalProjectMilestones\Source\SceneManager.cpp(386,34): warning C4305: '=': truncation from 'double' to 'float'
U:\CS330Content\Projects\7-1_FinalProjectMilestones\Source\SceneManager.cpp(397,33): warning C4305: '=': truncation from 'double' to 'float'
U:\CS330Content\Projects\7-1_FinalProjectMilestones\Source\SceneManager.cpp(568,29): warning C4305: 'argument': truncation from 'double' to 'float'
U:\CS330Content\Projects\7-1_FinalProjectMilestones\Source\SceneManager.cpp(568,23): warning C4305: 'argument': truncation from 'double' to 'float'
U:\CS330Content\Projects\7-1_FinalProjectMilestones\Source\SceneManager.cpp(568,17): warning C4305: 'argument': truncation from 'double' to 'float'
U:\CS330Content\Projects\7-1_FinalProjectMilestones\Source\SceneManager.cpp(594,29): warning C4305: 'argument': truncation from 'double' to 'float'
U:\CS330Content\Projects\7-1_FinalProjectMilestones\Source\SceneManager.cpp(594,23): warning C4305: 'argument': truncation from 'double' to 'float'
U:\CS330Content\Projects\7-1_FinalProjectMilestones\Source\SceneManager.cpp(621,27): warning C4305: 'argument': truncation from 'double' to 'float'
U:\CS330Content\Projects\7-1_FinalProjectMilestones\Source\SceneManager.cpp(621,22): warning C4305: 'argument': truncation from 'double' to 'float'
U:\CS330Content\Projects\7-1_FinalProjectMilestones\Source\SceneManager.cpp(621,17): warning C4305: 'argument': truncation from 'double' to 'float'
U:\CS330Content\Projects\7-1_FinalProjectMilestones\Source\SceneManager.cpp(623,20): warning C4305: 'argument': truncation from 'double' to 'float'
U:\CS330Content\Projects\7-1_FinalProjectMilestones\Source\SceneManager.cpp(649,29): warning C4305: 'argument': truncation from 'double' to 'float'
U:\CS330Content\Projects\7-1_FinalProjectMilestones\Source\SceneManager.cpp(649,23): warning C4305: 'argument': truncation from 'double' to 'float'
U:\CS330Content\Projects\7-1_FinalProjectMilestones\Source\SceneManager.cpp(676,27): warning C4305: 'argument': truncation from 'double' to 'float'
U:\CS330Content\Projects\7-1_FinalProjectMilestones\Source\SceneManager.cpp(676,22): warning C4305: 'argument': truncation from 'double' to 'float'
U:\CS330Content\Projects\7-1_FinalProjectMilestones\Source\SceneManager.cpp(676,17): warning C4305: 'argument': truncation from 'double' to 'float'
U:\CS330Content\Projects\7-1_FinalProjectMilestones\Source\SceneManager.cpp(678,20): warning C4305: 'argument': truncation from 'double' to 'float'
U:\CS330Content\Projects\7-1_FinalProjectMilestones\Source\SceneManager.cpp(704,29): warning C4305: 'argument': truncation from 'double' to 'float'
U:\CS330Content\Projects\7-1_FinalProjectMilestones\Source\SceneManager.cpp(704,23): warning C4305: 'argument': truncation from 'double' to 'float'
U:\CS330Content\Projects\7-1_FinalProjectMilestones\Source\SceneManager.cpp(731,27): warning C4305: 'argument': truncation from 'double' to 'float'
U:\CS330Content\Projects\7-1_FinalProjectMilestones\Source\SceneManager.cpp(731,22): warning C4305: 'argument': truncation from 'double' to 'float'
U:\CS330Content\Projects\7-1_FinalProjectMilestones\Source\SceneManager.cpp(731,17): warning C4305: 'argument': truncation from 'double' to 'float'
U:\CS330Content\Projects\7-1_FinalProjectMilestones\Source\SceneManager.cpp(733,20): warning C4305: 'argument': truncation from 'double' to 'float'
U:\CS330Content\Projects\7-1_FinalProjectMilestones\Source\SceneManager.cpp(759,29): warning C4305: 'argument': truncation from 'double' to 'float'
U:\CS330Content\Projects\7-1_FinalProjectMilestones\Source\SceneManager.cpp(759,23): warning C4305: 'argument': truncation from 'double' to 'float'
U:\CS330Content\Projects\7-1_FinalProjectMilestones\Source\SceneManager.cpp(786,27): warning C4305: 'argument': truncation from 'double' to 'float'
U:\CS330Content\Projects\7-1_FinalProjectMilestones\Source\SceneManager.cpp(786,22): warning C4305: 'argument': truncation from 'double' to 'float'
U:\CS330Content\Projects\7-1_FinalProjectMilestones\Source\SceneManager.cpp(786,17): warning C4305: 'argument': truncation from 'double' to 'float'
U:\CS330Content\Projects\7-1_FinalProjectMilestones\Source\SceneManager.cpp(788,20): warning C4305: 'argument': truncation from 'double' to 'float'
U:\CS330Content\Projects\7-1_FinalProjectMilestones\Source\SceneManager.cpp(814,27): warning C4305: 'argument': truncation from 'double' to 'float'
U:\CS330Content\Projects\7-1_FinalProjectMilestones\Source\SceneManager.cpp(814,17): warning C4305: 'argument': truncation from 'double' to 'float'
U:\CS330Content\Projects\7-1_FinalProjectMilestones\Source\SceneManager.cpp(840,27): warning C4305: 'argument': truncation from 'double' to 'float'
U:\CS330Content\Projects\7-1_FinalProjectMilestones\Source\SceneManager.cpp(840,17): warning C4305: 'argument': truncation from 'double' to 'float'
U:\CS330Content\Projects\7-1_FinalProjectMilestones\Source\SceneManager.cpp(867,27): warning C4305: 'argument': truncation from 'double' to 'float'
U:\CS330Content\Projects\7-1_FinalProjectMilestones\Source\SceneManager.cpp(867,17): warning C4305: 'argument': truncation from 'double' to 'float'
U:\CS330Content\Projects\7-1_FinalProjectMilestones\Source\SceneManager.cpp(893,27): warning C4305: 'argument': truncation from 'double' to 'float'
U:\CS330Content\Projects\7-1_FinalProjectMilestones\Source\SceneManager.cpp(893,17): warning C4305: 'argument': truncation from 'double' to 'float'
U:\CS330Content\Projects\7-1_FinalProjectMilestones\Source\SceneManager.cpp(920,27): warning C4305: 'argument': truncation from 'double' to 'float'
U:\CS330Content\Projects\7-1_FinalProjectMilestones\Source\SceneManager.cpp(920,17): warning C4305: 'argument': truncation from 'double' to 'float'
U:\CS330Content\Projects\7-1_FinalProjectMilestones\Source\SceneManager.cpp(946,27): warning C4305: 'argument': truncation from 'double' to 'float'
U:\CS330Content\Projects\7-1_FinalProjectMilestones\Source\SceneManager.cpp(946,17): warning C4305: 'argument': truncation from 'double' to 'float'
U:\CS330Content\Projects\7-1_FinalProjectMilestones\Source\SceneManager.cpp(974,27): warning C4305: 'argument': truncation from 'double' to 'float'
U:\CS330Content\Projects\7-1_FinalProjectMilestones\Source\SceneManager.cpp(974,17): warning C4305: 'argument': truncation from 'double' to 'float'
U:\CS330Content\Projects\7-1_FinalProjectMilestones\Source\SceneManager.cpp(1000,27): warning C4305: 'argument': truncation from 'double' to 'float'
U:\CS330Content\Projects\7-1_FinalProjectMilestones\Source\SceneManager.cpp(1000,17): warning C4305: 'argument': truncation from 'double' to 'float'
U:\CS330Content\Projects\7-1_FinalProjectMilestones\Source\SceneManager.cpp(1026,27): warning C4305: 'argument': truncation from 'double' to 'float'
U:\CS330Content\Projects\7-1_FinalProjectMilestones\Source\SceneManager.cpp(1026,17): warning C4305: 'argument': truncation from 'double' to 'float'
U:\CS330Content\Projects\7-1_FinalProjectMilestones\Source\SceneManager.cpp(1052,27): warning C4305: 'argument': truncation from 'double' to 'float'
U:\CS330Content\Projects\7-1_FinalProjectMilestones\Source\SceneManager.cpp(1052,17): warning C4305: 'argument': truncation from 'double' to 'float'
U:\CS330Content\Projects\7-1_FinalProjectMilestones\Source\SceneManager.cpp(1183,27): warning C4305: 'argument': truncation from 'double' to 'float'
U:\CS330Content\Projects\7-1_FinalProjectMilestones\Source\SceneManager.cpp(1183,17): warning C4305: 'argument': truncation from 'double' to 'float'
U:\CS330Content\Projects\7-1_FinalProjectMilestones\Source\SceneManager.cpp(1209,27): warning C4305: 'argument': truncation from 'double' to 'float'
U:\CS330Content\Projects\7-1_FinalProjectMilestones\Source\SceneManager.cpp(1209,17): warning C4305: 'argument': truncation from 'double' to 'float'
  Generating code
  4 of 523 functions ( 0.8%) were compiled, the rest were copied from previous compilation.
    0 functions were new in current compilation
    10 functions had inline decision re-evaluated but remain unchanged
  Finished generating code
  7-1_FinalProjectMilestones.vcxproj -> U:\CS330Content\Projects\7-1_FinalProjectMilestones\Release\7-1_FinalProjectMilestones.exe
